

*******************************************************************************
Sun Feb 15 13:01:16 2015


FIT:    data read from "r2.dt"
        format = z
        #datapoints = 180
        residuals are weighted equally (unit weight)

function used for fitting: f(x)
	f(x) = b*exp(a*x)
fitted parameters initialized with current variable values

iter      chisq       delta/lim  lambda   b             a            
   0 5.0269887135e+11   0.00e+00  4.50e+05    1.000000e+00   9.969486e-01
   7 3.1344633042e+00  -3.60e-03  4.50e-02    1.445660e-08   8.025056e-01

After 7 iterations the fit converged.
final sum of squares of residuals : 3.13446
rel. change during last iteration : -3.59549e-08

degrees of freedom    (FIT_NDF)                        : 178
rms of residuals      (FIT_STDFIT) = sqrt(WSSR/ndf)    : 0.1327
variance of residuals (reduced chisquare) = WSSR/ndf   : 0.0176093

Final set of parameters            Asymptotic Standard Error
=======================            ==========================
b               = 1.44566e-08      +/- 3.597e-05    (2.488e+05%)
a               = 0.802506         +/- 208.8        (2.601e+04%)

correlation matrix of the fit parameters:
                b      a      
b               1.000 
a              -0.999  1.000 


*******************************************************************************
Sun Feb 15 13:02:22 2015


FIT:    data read from "r2.dt"
        format = z
        #datapoints = 180
        residuals are weighted equally (unit weight)

function used for fitting: f(x)
	f(x) = a*exp(-b*x)
fitted parameters initialized with current variable values

iter      chisq       delta/lim  lambda   a             b            
   0 1.0616937779e+02   0.00e+00  5.67e-01    8.025056e-01   1.445660e-08
   3 2.7762604001e+00  -1.44e-06  5.67e-04    4.460967e-02   1.446804e-08

After 3 iterations the fit converged.
final sum of squares of residuals : 2.77626
rel. change during last iteration : -1.44141e-11

degrees of freedom    (FIT_NDF)                        : 178
rms of residuals      (FIT_STDFIT) = sqrt(WSSR/ndf)    : 0.124888
variance of residuals (reduced chisquare) = WSSR/ndf   : 0.015597

Final set of parameters            Asymptotic Standard Error
=======================            ==========================
a               = 0.0446097        +/- 0.02171      (48.67%)
b               = 1.4468e-08       +/- 0.06425      (4.441e+08%)

correlation matrix of the fit parameters:
                a      b      
a               1.000 
b               0.903  1.000 


*******************************************************************************
Sun Feb 15 13:08:39 2015


FIT:    data read from "r2.dt" using 1:3
        format = x:z
        #datapoints = 180
        residuals are weighted equally (unit weight)

function used for fitting: f(x)
	f(x) = m*x+b
fitted parameters initialized with current variable values

iter      chisq       delta/lim  lambda   m             b            
   0 4.1121730606e+04   0.00e+00  5.36e+00    1.000000e+00   1.446804e-08
   3 7.2585280301e+00  -3.61e-06  5.36e-03   -9.951141e-01   1.446887e-08

After 3 iterations the fit converged.
final sum of squares of residuals : 7.25853
rel. change during last iteration : -3.60737e-11

degrees of freedom    (FIT_NDF)                        : 178
rms of residuals      (FIT_STDFIT) = sqrt(WSSR/ndf)    : 0.201936
variance of residuals (reduced chisquare) = WSSR/ndf   : 0.0407782

Final set of parameters            Asymptotic Standard Error
=======================            ==========================
m               = -0.995114        +/- 0.004635     (0.4657%)
b               = 1.44689e-08      +/- 0.03511      (2.427e+08%)

correlation matrix of the fit parameters:
                m      b      
m               1.000 
b              -0.903  1.000 
